<?xml version="1.0" encoding="UTF-8"?>
<!-- Generated by org.testng.reporters.JUnitReportReporter -->
<testsuite hostname="Ranjodhbir" failures="0" tests="1" name="herokuapp.com.PasitiveTest" time="50.569" errors="0" timestamp="2022-08-01T23:20:13 IST" skipped="0">
  <testcase classname="herokuapp.com.PasitiveTest" name="loginTest" time="50.569"/>
  <system-out/>
</testsuite> <!-- herokuapp.com.PasitiveTest -->
