<?xml version="1.0" encoding="UTF-8"?>
<!-- Generated by org.testng.reporters.JUnitReportReporter -->
<testsuite hostname="Ranjodhbir" failures="0" tests="2" name="herokuapp.com.NegtivetestWithParameter" time="55.314" errors="0" timestamp="2022-08-07T22:18:23 IST" skipped="0">
  <testcase classname="herokuapp.com.NegtivetestWithParameter" name="negtiveTest" time="25.878"/>
  <system-out/>
  <testcase classname="herokuapp.com.NegtivetestWithParameter" name="negtiveTest" time="29.436"/>
  <system-out/>
</testsuite> <!-- herokuapp.com.NegtivetestWithParameter -->
