<?xml version="1.0" encoding="UTF-8"?>
<!-- Generated by org.testng.reporters.JUnitReportReporter -->
<testsuite hostname="Ranjodhbir" failures="0" tests="1" name="herokuapp.com.NegtivetestWithParameter" time="7.453" errors="0" timestamp="2022-08-07T23:34:08 IST" skipped="0">
  <testcase classname="herokuapp.com.NegtivetestWithParameter" name="negtiveTest" time="7.453"/>
  <system-out/>
</testsuite> <!-- herokuapp.com.NegtivetestWithParameter -->
