<?xml version="1.0" encoding="UTF-8"?>
<!-- Generated by org.testng.reporters.JUnitReportReporter -->
<testsuite hostname="Ranjodhbir" failures="0" tests="1" name="herokuapp.com.NegtiveTest" time="13.139" errors="0" timestamp="2022-08-04T22:36:38 IST" skipped="0">
  <testcase classname="herokuapp.com.NegtiveTest" name="incorrectUsernameTest" time="13.139"/>
  <system-out/>
</testsuite> <!-- herokuapp.com.NegtiveTest -->
