<?xml version="1.0" encoding="UTF-8"?>
<!-- Generated by org.testng.reporters.JUnitReportReporter -->
<testsuite hostname="Ranjodhbir" failures="0" tests="2" name="herokuapp.com.LoginTest" time="70.576" errors="0" timestamp="2022-08-07T23:34:08 IST" skipped="0">
  <testcase classname="herokuapp.com.LoginTest" name="positiveTest" time="26.411"/>
  <system-out/>
  <testcase classname="herokuapp.com.LoginTest" name="negtiveTest" time="44.165"/>
  <system-out/>
</testsuite> <!-- herokuapp.com.LoginTest -->
